<?xml version="1.0" encoding="UTF-8"?>
<beans xmlns="http://www.springframework.org/schema/beans"
       xmlns:xsi="http://www.w3.org/2001/XMLSchema-instance" xmlns:tx="http://www.springframework.org/schema/tx"
       xsi:schemaLocation="http://www.springframework.org/schema/beans http://www.springframework.org/schema/beans/spring-beans.xsd http://www.springframework.org/schema/tx http://www.springframework.org/schema/tx/spring-tx.xsd">


    <bean class="org.springframework.beans.factory.config.PropertyPlaceholderConfigurer">
        <property name="location" value="classpath:test-database.properties"/>
    </bean>


    <bean id="dataSource" class="org.springframework.jdbc.datasource.DriverManagerDataSource">
        <property name="driverClassName" value="${database.driverClassName}"/>
        <property name="url" value=" ${database.url}"/>
        <property name="username" value="${database.username}"/>
        <property name="password" value="${database.password}"/>
    </bean>

    <bean id="sessionFactory"
          class="org.springframework.orm.hibernate5.LocalSessionFactoryBean">
        <property name="dataSource" ref="dataSource"/>
        <property name="packagesToScan" value="by.yurusova.entranceExam.entities"/>
        <property name="hibernateProperties">
            <props>
                <prop key="hibernate.dialect">
                    org.hibernate.dialect.H2Dialect
                </prop>
                <prop key="hibernate.format_sql">true</prop>
                <prop key="hibernate.show_sql">true</prop>
                <prop key="hibernate.connection.charSet">utf-8</prop>
                <prop key="current_session_context_class">thread</prop>
                <prop key="hibernate.hbm2ddl.auto">create-drop</prop>
            </props>
        </property>
    </bean>

    <bean id="transactionManager" class="org.springframework.orm.hibernate5.HibernateTransactionManager">
        <property name="sessionFactory" ref="sessionFactory"/>
    </bean>

    <bean id="encoder"
          class="org.springframework.security.crypto.bcrypt.BCryptPasswordEncoder">
        <constructor-arg name="strength" value="11"/>
    </bean>

    <bean id="userService" class="by.yurusova.entranceExam.services.UserServiceImpl">
        <property name="userDAO" ref="userDAO"/>
        <property name="bCryptPasswordEncoder" ref="encoder"/>
    </bean>

    <bean id="abstractDAO" class="by.yurusova.entranceExam.dao.AbstractBaseDAO" abstract="true">
        <property name="sessionFactory" ref="sessionFactory"/>
    </bean>

    <bean id="userDAO" class="by.yurusova.entranceExam.dao.UserDAOImpl" parent="abstractDAO"/>

    <bean id="roleDAO" class="by.yurusova.entranceExam.dao.RoleDAOImpl" parent="abstractDAO"/>

    <bean id="studentDAO" class="by.yurusova.entranceExam.dao.StudentDAOImpl" parent="abstractDAO"/>

    <bean id="teacherDAO" class="by.yurusova.entranceExam.dao.TeacherDAOImpl" parent="abstractDAO"/>

    <bean id="subjectDAO" class="by.yurusova.entranceExam.dao.SubjectDAOImpl" parent="abstractDAO"/>

    <bean id="gradeDAO" class="by.yurusova.entranceExam.dao.GradeDAOImpl" parent="abstractDAO"/>

    <bean id="examDAO" class="by.yurusova.entranceExam.dao.ExamDAOImpl" parent="abstractDAO"/>

    <bean id="specialityDAO" class="by.yurusova.entranceExam.dao.SpecialityDAOImpl" parent="abstractDAO"/>

    <tx:annotation-driven/>

</beans>